info: Server started at http://localhost:8080/api/v1/ {"timestamp":"2022-01-15T03:00:23.611Z"}
info: Connected to the database. {"timestamp":"2022-01-15T03:00:23.686Z"}
error: 
    status - 500 
    message - ValidationError: "firstname" length must be at least 3 characters long 
    url - /api/v1/users/registration 
    method - POST 
    IP - ::ffff:127.0.0.1
   {"timestamp":"2022-01-15T03:00:24.386Z"}
error: 
    status - 500 
    message - ValidationError: "firstname" is not allowed to be empty 
    url - /api/v1/users/registration 
    method - POST 
    IP - ::ffff:127.0.0.1
   {"timestamp":"2022-01-15T03:00:24.416Z"}
info: Server started at http://localhost:8080/api/v1/ {"timestamp":"2022-01-15T03:02:18.107Z"}
info: Connected to the database. {"timestamp":"2022-01-15T03:02:18.177Z"}
error: 
    status - 500 
    message - ValidationError: "firstname" length must be at least 3 characters long 
    url - /api/v1/users/registration 
    method - POST 
    IP - ::ffff:127.0.0.1
   {"timestamp":"2022-01-15T03:02:18.553Z"}
error: 
    status - 500 
    message - ValidationError: "firstname" is not allowed to be empty 
    url - /api/v1/users/registration 
    method - POST 
    IP - ::ffff:127.0.0.1
   {"timestamp":"2022-01-15T03:02:18.585Z"}
info: Server started at http://localhost:8080/api/v1/ {"timestamp":"2022-01-15T03:03:04.514Z"}
info: Connected to the database. {"timestamp":"2022-01-15T03:03:04.578Z"}
error: 
    status - 500 
    message - ValidationError: "firstname" length must be at least 3 characters long 
    url - /api/v1/users/registration 
    method - POST 
    IP - ::ffff:127.0.0.1
   {"timestamp":"2022-01-15T03:03:04.918Z"}
error: 
    status - 500 
    message - ValidationError: "firstname" is not allowed to be empty 
    url - /api/v1/users/registration 
    method - POST 
    IP - ::ffff:127.0.0.1
   {"timestamp":"2022-01-15T03:03:04.940Z"}
info: Server started at http://localhost:8080/api/v1/ {"timestamp":"2022-01-15T03:05:50.822Z"}
info: Connected to the database. {"timestamp":"2022-01-15T03:05:50.884Z"}
error: 
    status - 500 
    message - ValidationError: "firstname" length must be at least 3 characters long 
    url - /api/v1/users/registration 
    method - POST 
    IP - ::ffff:127.0.0.1
   {"timestamp":"2022-01-15T03:05:51.238Z"}
error: 
    status - 500 
    message - ValidationError: "firstname" is not allowed to be empty 
    url - /api/v1/users/registration 
    method - POST 
    IP - ::ffff:127.0.0.1
   {"timestamp":"2022-01-15T03:05:51.264Z"}
info: Server started at http://localhost:8080/api/v1/ {"timestamp":"2022-01-15T03:22:00.027Z"}
info: Connected to the database. {"timestamp":"2022-01-15T03:22:00.141Z"}
error: 
    status - 500 
    message - ValidationError: "firstname" length must be at least 3 characters long 
    url - /api/v1/users/registration 
    method - POST 
    IP - ::ffff:127.0.0.1
   {"timestamp":"2022-01-15T03:22:01.254Z"}
error: 
    status - 500 
    message - ValidationError: "firstname" is not allowed to be empty 
    url - /api/v1/users/registration 
    method - POST 
    IP - ::ffff:127.0.0.1
   {"timestamp":"2022-01-15T03:22:01.288Z"}
info: Server started at http://localhost:8080/api/v1/ {"timestamp":"2022-01-15T03:23:13.908Z"}
info: Connected to the database. {"timestamp":"2022-01-15T03:23:13.973Z"}
error: 
    status - 500 
    message - ValidationError: "firstname" length must be at least 3 characters long 
    url - /api/v1/users/registration 
    method - POST 
    IP - ::ffff:127.0.0.1
   {"timestamp":"2022-01-15T03:23:14.432Z"}
error: 
    status - 500 
    message - ValidationError: "firstname" is not allowed to be empty 
    url - /api/v1/users/registration 
    method - POST 
    IP - ::ffff:127.0.0.1
   {"timestamp":"2022-01-15T03:23:14.457Z"}
info: Server started at http://localhost:8080/api/v1/ {"timestamp":"2022-01-15T03:24:57.419Z"}
info: Connected to the database. {"timestamp":"2022-01-15T03:24:57.472Z"}
error: 
    status - 500 
    message - ValidationError: "firstname" length must be at least 3 characters long 
    url - /api/v1/users/registration 
    method - POST 
    IP - ::ffff:127.0.0.1
   {"timestamp":"2022-01-15T03:24:58.167Z"}
error: 
    status - 500 
    message - ValidationError: "firstname" is not allowed to be empty 
    url - /api/v1/users/registration 
    method - POST 
    IP - ::ffff:127.0.0.1
   {"timestamp":"2022-01-15T03:24:58.200Z"}
info: Server started at http://localhost:8080/api/v1/ {"timestamp":"2022-01-15T03:27:29.965Z"}
info: Connected to the database. {"timestamp":"2022-01-15T03:27:30.024Z"}
error: 
    status - 500 
    message - ValidationError: "firstname" length must be at least 3 characters long 
    url - /api/v1/users/registration 
    method - POST 
    IP - ::ffff:127.0.0.1
   {"timestamp":"2022-01-15T03:27:30.554Z"}
error: 
    status - 500 
    message - ValidationError: "firstname" is not allowed to be empty 
    url - /api/v1/users/registration 
    method - POST 
    IP - ::ffff:127.0.0.1
   {"timestamp":"2022-01-15T03:27:30.584Z"}
info: Server started at http://localhost:8080/api/v1/ {"timestamp":"2022-01-15T03:29:06.231Z"}
info: Connected to the database. {"timestamp":"2022-01-15T03:29:06.310Z"}
error: 
    status - 500 
    message - ValidationError: "firstname" length must be at least 3 characters long 
    url - /api/v1/users/registration 
    method - POST 
    IP - ::ffff:127.0.0.1
   {"timestamp":"2022-01-15T03:29:06.716Z"}
error: 
    status - 500 
    message - ValidationError: "firstname" is not allowed to be empty 
    url - /api/v1/users/registration 
    method - POST 
    IP - ::ffff:127.0.0.1
   {"timestamp":"2022-01-15T03:29:06.740Z"}
info: Server started at http://localhost:8080/api/v1/ {"timestamp":"2022-01-15T03:31:02.929Z"}
info: Connected to the database. {"timestamp":"2022-01-15T03:31:02.994Z"}
error: 
    status - 500 
    message - ValidationError: "firstname" length must be at least 3 characters long 
    url - /api/v1/users/registration 
    method - POST 
    IP - ::ffff:127.0.0.1
   {"timestamp":"2022-01-15T03:31:03.367Z"}
error: 
    status - 500 
    message - ValidationError: "firstname" is not allowed to be empty 
    url - /api/v1/users/registration 
    method - POST 
    IP - ::ffff:127.0.0.1
   {"timestamp":"2022-01-15T03:31:03.396Z"}
info: Server started at http://localhost:8080/api/v1/ {"timestamp":"2022-01-15T03:33:04.299Z"}
info: Connected to the database. {"timestamp":"2022-01-15T03:33:04.375Z"}
error: 
    status - 500 
    message - ValidationError: "firstname" length must be at least 3 characters long 
    url - /api/v1/users/registration 
    method - POST 
    IP - ::ffff:127.0.0.1
   {"timestamp":"2022-01-15T03:33:04.886Z"}
error: 
    status - 500 
    message - ValidationError: "firstname" is not allowed to be empty 
    url - /api/v1/users/registration 
    method - POST 
    IP - ::ffff:127.0.0.1
   {"timestamp":"2022-01-15T03:33:04.959Z"}
info: Server started at http://localhost:8080/api/v1/ {"timestamp":"2022-01-15T03:34:46.187Z"}
info: Connected to the database. {"timestamp":"2022-01-15T03:34:46.257Z"}
error: 
    status - 500 
    message - ValidationError: "firstname" length must be at least 3 characters long 
    url - /api/v1/users/registration 
    method - POST 
    IP - ::ffff:127.0.0.1
   {"timestamp":"2022-01-15T03:34:46.613Z"}
error: 
    status - 500 
    message - ValidationError: "firstname" is not allowed to be empty 
    url - /api/v1/users/registration 
    method - POST 
    IP - ::ffff:127.0.0.1
   {"timestamp":"2022-01-15T03:34:46.641Z"}
info: Server started at http://localhost:8080/api/v1/ {"timestamp":"2022-01-15T03:35:29.990Z"}
info: Connected to the database. {"timestamp":"2022-01-15T03:35:30.083Z"}
error: 
    status - 500 
    message - ValidationError: "firstname" length must be at least 3 characters long 
    url - /api/v1/users/registration 
    method - POST 
    IP - ::ffff:127.0.0.1
   {"timestamp":"2022-01-15T03:35:30.761Z"}
error: 
    status - 500 
    message - ValidationError: "firstname" is not allowed to be empty 
    url - /api/v1/users/registration 
    method - POST 
    IP - ::ffff:127.0.0.1
   {"timestamp":"2022-01-15T03:35:30.791Z"}
info: Server started at http://localhost:8080/api/v1/ {"timestamp":"2022-01-15T03:37:09.939Z"}
info: Connected to the database. {"timestamp":"2022-01-15T03:37:10.004Z"}
error: 
    status - 500 
    message - ValidationError: "firstname" length must be at least 3 characters long 
    url - /api/v1/users/registration 
    method - POST 
    IP - ::ffff:127.0.0.1
   {"timestamp":"2022-01-15T03:37:10.501Z"}
error: 
    status - 500 
    message - ValidationError: "firstname" is not allowed to be empty 
    url - /api/v1/users/registration 
    method - POST 
    IP - ::ffff:127.0.0.1
   {"timestamp":"2022-01-15T03:37:10.565Z"}
info: Server started at http://localhost:8080/api/v1/ {"timestamp":"2022-01-15T03:41:55.774Z"}
info: Connected to the database. {"timestamp":"2022-01-15T03:41:55.846Z"}
error: 
    status - 500 
    message - ValidationError: "firstname" length must be at least 3 characters long 
    url - /api/v1/users/registration 
    method - POST 
    IP - ::ffff:127.0.0.1
   {"timestamp":"2022-01-15T03:41:56.214Z"}
error: 
    status - 500 
    message - ValidationError: "firstname" is not allowed to be empty 
    url - /api/v1/users/registration 
    method - POST 
    IP - ::ffff:127.0.0.1
   {"timestamp":"2022-01-15T03:41:56.234Z"}
info: Server started at http://localhost:8080/api/v1/ {"timestamp":"2022-01-15T04:06:53.767Z"}
info: Connected to the database. {"timestamp":"2022-01-15T04:06:53.837Z"}
info: Server started at http://localhost:8080/api/v1/ {"timestamp":"2022-01-15T04:23:51.779Z"}
info: Connected to the database. {"timestamp":"2022-01-15T04:23:51.884Z"}
info: Server started at http://localhost:8080/api/v1/ {"timestamp":"2022-01-15T06:02:28.073Z"}
info: Connected to the database. {"timestamp":"2022-01-15T06:02:28.962Z"}
error: 
    status - 500 
    message - ValidationError: "firstname" length must be at least 3 characters long 
    url - /api/v1/users/registration 
    method - POST 
    IP - ::ffff:127.0.0.1
   {"timestamp":"2022-01-15T06:02:30.107Z"}
error: 
    status - 500 
    message - ValidationError: "firstname" is not allowed to be empty 
    url - /api/v1/users/registration 
    method - POST 
    IP - ::ffff:127.0.0.1
   {"timestamp":"2022-01-15T06:02:30.130Z"}
info: Server started at http://localhost:8080/api/v1/ {"timestamp":"2022-01-15T06:12:20.735Z"}
info: Connected to the database. {"timestamp":"2022-01-15T06:12:20.906Z"}
error: 
    status - 500 
    message - ValidationError: "firstname" length must be at least 3 characters long 
    url - /api/v1/users/registration 
    method - POST 
    IP - ::ffff:127.0.0.1
   {"timestamp":"2022-01-15T06:12:21.830Z"}
error: 
    status - 500 
    message - ValidationError: "firstname" is not allowed to be empty 
    url - /api/v1/users/registration 
    method - POST 
    IP - ::ffff:127.0.0.1
   {"timestamp":"2022-01-15T06:12:21.854Z"}
info: Server started at http://localhost:8080/api/v1/ {"timestamp":"2022-01-15T06:18:32.633Z"}
info: Connected to the database. {"timestamp":"2022-01-15T06:18:32.682Z"}
error: 
    status - 500 
    message - ValidationError: "firstname" length must be at least 3 characters long 
    url - /api/v1/users/registration 
    method - POST 
    IP - ::ffff:127.0.0.1
   {"timestamp":"2022-01-15T06:18:33.198Z"}
error: 
    status - 500 
    message - ValidationError: "firstname" is not allowed to be empty 
    url - /api/v1/users/registration 
    method - POST 
    IP - ::ffff:127.0.0.1
   {"timestamp":"2022-01-15T06:18:33.227Z"}
info: Server started at http://localhost:8080/api/v1/ {"timestamp":"2022-01-15T06:19:14.986Z"}
info: Connected to the database. {"timestamp":"2022-01-15T06:19:15.055Z"}
error: 
    status - 500 
    message - ValidationError: "firstname" length must be at least 3 characters long 
    url - /api/v1/users/registration 
    method - POST 
    IP - ::ffff:127.0.0.1
   {"timestamp":"2022-01-15T06:19:15.577Z"}
error: 
    status - 500 
    message - ValidationError: "firstname" is not allowed to be empty 
    url - /api/v1/users/registration 
    method - POST 
    IP - ::ffff:127.0.0.1
   {"timestamp":"2022-01-15T06:19:15.604Z"}
info: Server started at http://localhost:8080/api/v1/ {"timestamp":"2022-01-15T06:20:53.693Z"}
info: Connected to the database. {"timestamp":"2022-01-15T06:20:53.753Z"}
error: 
    status - 500 
    message - ValidationError: "firstname" length must be at least 3 characters long 
    url - /api/v1/users/registration 
    method - POST 
    IP - ::ffff:127.0.0.1
   {"timestamp":"2022-01-15T06:20:54.240Z"}
error: 
    status - 500 
    message - ValidationError: "firstname" is not allowed to be empty 
    url - /api/v1/users/registration 
    method - POST 
    IP - ::ffff:127.0.0.1
   {"timestamp":"2022-01-15T06:20:54.274Z"}
info: Server started at http://localhost:8080/api/v1/ {"timestamp":"2022-01-15T06:21:24.406Z"}
info: Connected to the database. {"timestamp":"2022-01-15T06:21:24.468Z"}
error: 
    status - 500 
    message - ValidationError: "firstname" length must be at least 3 characters long 
    url - /api/v1/users/registration 
    method - POST 
    IP - ::ffff:127.0.0.1
   {"timestamp":"2022-01-15T06:21:26.075Z"}
error: 
    status - 500 
    message - ValidationError: "firstname" is not allowed to be empty 
    url - /api/v1/users/registration 
    method - POST 
    IP - ::ffff:127.0.0.1
   {"timestamp":"2022-01-15T06:21:26.100Z"}
info: Server started at http://localhost:8080/api/v1/ {"timestamp":"2022-01-15T06:39:10.893Z"}
info: Connected to the database. {"timestamp":"2022-01-15T06:39:11.007Z"}
error: 
    status - 500 
    message - ValidationError: "firstname" length must be at least 3 characters long 
    url - /api/v1/users/registration 
    method - POST 
    IP - ::ffff:127.0.0.1
   {"timestamp":"2022-01-15T06:39:11.830Z"}
error: 
    status - 500 
    message - ValidationError: "firstname" is not allowed to be empty 
    url - /api/v1/users/registration 
    method - POST 
    IP - ::ffff:127.0.0.1
   {"timestamp":"2022-01-15T06:39:11.861Z"}
info: Server started at http://localhost:8080/api/v1/ {"timestamp":"2022-01-15T06:39:39.545Z"}
info: Connected to the database. {"timestamp":"2022-01-15T06:39:39.608Z"}
error: 
    status - 500 
    message - ValidationError: "firstname" length must be at least 3 characters long 
    url - /api/v1/users/registration 
    method - POST 
    IP - ::ffff:127.0.0.1
   {"timestamp":"2022-01-15T06:39:40.081Z"}
error: 
    status - 500 
    message - ValidationError: "firstname" is not allowed to be empty 
    url - /api/v1/users/registration 
    method - POST 
    IP - ::ffff:127.0.0.1
   {"timestamp":"2022-01-15T06:39:40.106Z"}
info: Server started at http://localhost:8080/api/v1/ {"timestamp":"2022-01-15T06:49:50.879Z"}
info: Connected to the database. {"timestamp":"2022-01-15T06:49:50.931Z"}
error: 
    status - 500 
    message - ValidationError: "firstname" length must be at least 3 characters long 
    url - /api/v1/users/registration 
    method - POST 
    IP - ::ffff:127.0.0.1
   {"timestamp":"2022-01-15T06:49:51.498Z"}
error: 
    status - 500 
    message - ValidationError: "firstname" is not allowed to be empty 
    url - /api/v1/users/registration 
    method - POST 
    IP - ::ffff:127.0.0.1
   {"timestamp":"2022-01-15T06:49:51.549Z"}
info: Server started at http://localhost:8080/api/v1/ {"timestamp":"2022-01-15T07:01:11.228Z"}
info: Connected to the database. {"timestamp":"2022-01-15T07:01:11.278Z"}
info: Server started at http://localhost:8080/api/v1/ {"timestamp":"2022-01-15T07:02:06.876Z"}
info: Server started at http://localhost:8080/api/v1/ {"timestamp":"2022-01-15T07:03:59.244Z"}
info: Connected to the database. {"timestamp":"2022-01-15T07:03:59.303Z"}
error: 
    status - 500 
    message - ValidationError: "firstname" length must be at least 3 characters long 
    url - /api/v1/users/registration 
    method - POST 
    IP - ::ffff:127.0.0.1
   {"timestamp":"2022-01-15T07:03:59.669Z"}
error: 
    status - 500 
    message - ValidationError: "firstname" is not allowed to be empty 
    url - /api/v1/users/registration 
    method - POST 
    IP - ::ffff:127.0.0.1
   {"timestamp":"2022-01-15T07:03:59.688Z"}
info: Server started at http://localhost:8080/api/v1/ {"timestamp":"2022-01-15T07:05:39.009Z"}
info: Connected to the database. {"timestamp":"2022-01-15T07:05:39.083Z"}
error: 
    status - 500 
    message - ValidationError: "firstname" length must be at least 3 characters long 
    url - /api/v1/users/registration 
    method - POST 
    IP - ::ffff:127.0.0.1
   {"timestamp":"2022-01-15T07:05:39.451Z"}
error: 
    status - 500 
    message - ValidationError: "firstname" is not allowed to be empty 
    url - /api/v1/users/registration 
    method - POST 
    IP - ::ffff:127.0.0.1
   {"timestamp":"2022-01-15T07:05:39.482Z"}
info: Server started at http://localhost:8080/api/v1/ {"timestamp":"2022-01-15T07:07:22.793Z"}
info: Connected to the database. {"timestamp":"2022-01-15T07:07:22.860Z"}
error: 
    status - 500 
    message - ValidationError: "firstname" length must be at least 3 characters long 
    url - /api/v1/users/registration 
    method - POST 
    IP - ::ffff:127.0.0.1
   {"timestamp":"2022-01-15T07:07:23.211Z"}
error: 
    status - 500 
    message - ValidationError: "firstname" is not allowed to be empty 
    url - /api/v1/users/registration 
    method - POST 
    IP - ::ffff:127.0.0.1
   {"timestamp":"2022-01-15T07:07:23.236Z"}
info: Server started at http://localhost:8080/api/v1/ {"timestamp":"2022-01-15T07:08:40.119Z"}
info: Connected to the database. {"timestamp":"2022-01-15T07:08:40.189Z"}
error: 
    status - 500 
    message - ValidationError: "firstname" length must be at least 3 characters long 
    url - /api/v1/users/registration 
    method - POST 
    IP - ::ffff:127.0.0.1
   {"timestamp":"2022-01-15T07:08:40.563Z"}
error: 
    status - 500 
    message - ValidationError: "firstname" is not allowed to be empty 
    url - /api/v1/users/registration 
    method - POST 
    IP - ::ffff:127.0.0.1
   {"timestamp":"2022-01-15T07:08:40.594Z"}
info: Server started at http://localhost:8080/api/v1/ {"timestamp":"2022-01-15T07:13:55.102Z"}
info: Connected to the database. {"timestamp":"2022-01-15T07:13:55.173Z"}
error: 
    status - 500 
    message - ValidationError: "firstname" length must be at least 3 characters long 
    url - /api/v1/users/registration 
    method - POST 
    IP - ::ffff:127.0.0.1
   {"timestamp":"2022-01-15T07:13:55.582Z"}
error: 
    status - 500 
    message - ValidationError: "firstname" is not allowed to be empty 
    url - /api/v1/users/registration 
    method - POST 
    IP - ::ffff:127.0.0.1
   {"timestamp":"2022-01-15T07:13:55.612Z"}
error: 
    status - 500 
    message - ValidationError: "title" length must be at least 4 characters long 
    url - /api/v1/notes/createNote 
    method - POST 
    IP - ::ffff:127.0.0.1
   {"timestamp":"2022-01-15T07:13:55.916Z"}
info: Server started at http://localhost:8080/api/v1/ {"timestamp":"2022-01-15T07:22:01.021Z"}
info: Connected to the database. {"timestamp":"2022-01-15T07:22:01.103Z"}
error: 
    status - 500 
    message - ValidationError: "firstname" length must be at least 3 characters long 
    url - /api/v1/users/registration 
    method - POST 
    IP - ::ffff:127.0.0.1
   {"timestamp":"2022-01-15T07:22:01.441Z"}
error: 
    status - 500 
    message - ValidationError: "firstname" is not allowed to be empty 
    url - /api/v1/users/registration 
    method - POST 
    IP - ::ffff:127.0.0.1
   {"timestamp":"2022-01-15T07:22:01.461Z"}
error: 
    status - 500 
    message - ValidationError: "title" length must be at least 4 characters long 
    url - /api/v1/notes/createNote 
    method - POST 
    IP - ::ffff:127.0.0.1
   {"timestamp":"2022-01-15T07:22:01.814Z"}
info: Server started at http://localhost:8080/api/v1/ {"timestamp":"2022-01-15T07:23:11.710Z"}
info: Connected to the database. {"timestamp":"2022-01-15T07:23:11.772Z"}
error: 
    status - 500 
    message - ValidationError: "firstname" length must be at least 3 characters long 
    url - /api/v1/users/registration 
    method - POST 
    IP - ::ffff:127.0.0.1
   {"timestamp":"2022-01-15T07:23:12.126Z"}
error: 
    status - 500 
    message - ValidationError: "firstname" is not allowed to be empty 
    url - /api/v1/users/registration 
    method - POST 
    IP - ::ffff:127.0.0.1
   {"timestamp":"2022-01-15T07:23:12.156Z"}
error: 
    status - 500 
    message - ValidationError: "title" length must be at least 4 characters long 
    url - /api/v1/notes/createNote 
    method - POST 
    IP - ::ffff:127.0.0.1
   {"timestamp":"2022-01-15T07:23:12.438Z"}
info: Server started at http://localhost:8080/api/v1/ {"timestamp":"2022-01-15T07:33:22.479Z"}
info: Connected to the database. {"timestamp":"2022-01-15T07:33:22.541Z"}
error: 
    status - 500 
    message - ValidationError: "firstname" length must be at least 3 characters long 
    url - /api/v1/users/registration 
    method - POST 
    IP - ::ffff:127.0.0.1
   {"timestamp":"2022-01-15T07:33:23.059Z"}
error: 
    status - 500 
    message - ValidationError: "firstname" is not allowed to be empty 
    url - /api/v1/users/registration 
    method - POST 
    IP - ::ffff:127.0.0.1
   {"timestamp":"2022-01-15T07:33:23.086Z"}
error: 
    status - 500 
    message - ValidationError: "title" length must be at least 4 characters long 
    url - /api/v1/notes/createNote 
    method - POST 
    IP - ::ffff:127.0.0.1
   {"timestamp":"2022-01-15T07:33:23.403Z"}
info: Server started at http://localhost:8080/api/v1/ {"timestamp":"2022-01-15T07:34:39.713Z"}
info: Connected to the database. {"timestamp":"2022-01-15T07:34:39.885Z"}
error: 
    status - 500 
    message - ValidationError: "firstname" length must be at least 3 characters long 
    url - /api/v1/users/registration 
    method - POST 
    IP - ::ffff:127.0.0.1
   {"timestamp":"2022-01-15T07:34:40.183Z"}
error: 
    status - 500 
    message - ValidationError: "firstname" is not allowed to be empty 
    url - /api/v1/users/registration 
    method - POST 
    IP - ::ffff:127.0.0.1
   {"timestamp":"2022-01-15T07:34:40.208Z"}
error: 
    status - 500 
    message - ValidationError: "title" length must be at least 4 characters long 
    url - /api/v1/notes/createNote 
    method - POST 
    IP - ::ffff:127.0.0.1
   {"timestamp":"2022-01-15T07:34:40.518Z"}
error: 
    status - 500 
    message - CastError: Cast to ObjectId failed for value "{ _id: ':`${_id}`' }" (type Object) at path "_id" for model "Note"
    at model.Query.exec (C:\Users\Meghnad\Fundoo_App\node_modules\mongoose\lib\query.js:4498:21)
    at model.Query.Query.then (C:\Users\Meghnad\Fundoo_App\node_modules\mongoose\lib\query.js:4592:15)
    at processTicksAndRejections (node:internal/process/task_queues:96:5) 
    url - /api/v1/notes/getNote/:%60$%7B_id%7D%60 
    method - GET 
    IP - ::ffff:127.0.0.1
   {"timestamp":"2022-01-15T07:34:40.598Z"}
info: Server started at http://localhost:8080/api/v1/ {"timestamp":"2022-01-15T07:35:01.918Z"}
info: Connected to the database. {"timestamp":"2022-01-15T07:35:01.981Z"}
error: 
    status - 500 
    message - ValidationError: "firstname" length must be at least 3 characters long 
    url - /api/v1/users/registration 
    method - POST 
    IP - ::ffff:127.0.0.1
   {"timestamp":"2022-01-15T07:35:02.368Z"}
error: 
    status - 500 
    message - ValidationError: "firstname" is not allowed to be empty 
    url - /api/v1/users/registration 
    method - POST 
    IP - ::ffff:127.0.0.1
   {"timestamp":"2022-01-15T07:35:02.396Z"}
error: 
    status - 500 
    message - ValidationError: "title" length must be at least 4 characters long 
    url - /api/v1/notes/createNote 
    method - POST 
    IP - ::ffff:127.0.0.1
   {"timestamp":"2022-01-15T07:35:02.681Z"}
error: 
    status - 500 
    message - CastError: Cast to ObjectId failed for value "{ _id: '`${_id}`' }" (type Object) at path "_id" for model "Note"
    at model.Query.exec (C:\Users\Meghnad\Fundoo_App\node_modules\mongoose\lib\query.js:4498:21)
    at model.Query.Query.then (C:\Users\Meghnad\Fundoo_App\node_modules\mongoose\lib\query.js:4592:15)
    at processTicksAndRejections (node:internal/process/task_queues:96:5) 
    url - /api/v1/notes/getNote/%60$%7B_id%7D%60 
    method - GET 
    IP - ::ffff:127.0.0.1
   {"timestamp":"2022-01-15T07:35:02.751Z"}
info: Server started at http://localhost:8080/api/v1/ {"timestamp":"2022-01-15T07:49:32.542Z"}
info: Connected to the database. {"timestamp":"2022-01-15T07:49:32.676Z"}
error: 
    status - 500 
    message - ValidationError: "firstname" length must be at least 3 characters long 
    url - /api/v1/users/registration 
    method - POST 
    IP - ::ffff:127.0.0.1
   {"timestamp":"2022-01-15T07:49:33.791Z"}
error: 
    status - 500 
    message - ValidationError: "firstname" is not allowed to be empty 
    url - /api/v1/users/registration 
    method - POST 
    IP - ::ffff:127.0.0.1
   {"timestamp":"2022-01-15T07:49:33.810Z"}
error: 
    status - 500 
    message - ValidationError: "title" length must be at least 4 characters long 
    url - /api/v1/notes/createNote 
    method - POST 
    IP - ::ffff:127.0.0.1
   {"timestamp":"2022-01-15T07:49:34.197Z"}
info: Server started at http://localhost:8080/api/v1/ {"timestamp":"2022-01-15T07:51:21.901Z"}
info: Connected to the database. {"timestamp":"2022-01-15T07:51:21.963Z"}
error: 
    status - 500 
    message - ValidationError: "firstname" length must be at least 3 characters long 
    url - /api/v1/users/registration 
    method - POST 
    IP - ::ffff:127.0.0.1
   {"timestamp":"2022-01-15T07:51:22.317Z"}
error: 
    status - 500 
    message - ValidationError: "firstname" is not allowed to be empty 
    url - /api/v1/users/registration 
    method - POST 
    IP - ::ffff:127.0.0.1
   {"timestamp":"2022-01-15T07:51:22.350Z"}
error: 
    status - 500 
    message - ValidationError: "title" length must be at least 4 characters long 
    url - /api/v1/notes/createNote 
    method - POST 
    IP - ::ffff:127.0.0.1
   {"timestamp":"2022-01-15T07:51:22.734Z"}
error: 
    status - 500 
    message - CastError: Cast to ObjectId failed for value "{ _id: ':_id' }" (type Object) at path "_id" for model "Note"
    at model.Query.exec (C:\Users\Meghnad\Fundoo_App\node_modules\mongoose\lib\query.js:4498:21)
    at model.Query.Query.then (C:\Users\Meghnad\Fundoo_App\node_modules\mongoose\lib\query.js:4592:15)
    at processTicksAndRejections (node:internal/process/task_queues:96:5) 
    url - /api/v1/notes/getNote/:_id 
    method - GET 
    IP - ::ffff:127.0.0.1
   {"timestamp":"2022-01-15T07:51:22.793Z"}
info: Server started at http://localhost:8080/api/v1/ {"timestamp":"2022-01-15T07:52:16.909Z"}
info: Connected to the database. {"timestamp":"2022-01-15T07:52:16.961Z"}
error: 
    status - 500 
    message - ValidationError: "firstname" length must be at least 3 characters long 
    url - /api/v1/users/registration 
    method - POST 
    IP - ::ffff:127.0.0.1
   {"timestamp":"2022-01-15T07:52:17.369Z"}
error: 
    status - 500 
    message - ValidationError: "firstname" is not allowed to be empty 
    url - /api/v1/users/registration 
    method - POST 
    IP - ::ffff:127.0.0.1
   {"timestamp":"2022-01-15T07:52:17.402Z"}
error: 
    status - 500 
    message - ValidationError: "title" length must be at least 4 characters long 
    url - /api/v1/notes/createNote 
    method - POST 
    IP - ::ffff:127.0.0.1
   {"timestamp":"2022-01-15T07:52:17.735Z"}
error: 
    status - 500 
    message - CastError: Cast to ObjectId failed for value "{ _id: ':_id' }" (type Object) at path "_id" for model "Note"
    at model.Query.exec (C:\Users\Meghnad\Fundoo_App\node_modules\mongoose\lib\query.js:4498:21)
    at model.Query.Query.then (C:\Users\Meghnad\Fundoo_App\node_modules\mongoose\lib\query.js:4592:15)
    at processTicksAndRejections (node:internal/process/task_queues:96:5) 
    url - /api/v1/notes/getNote/:_id 
    method - GET 
    IP - ::ffff:127.0.0.1
   {"timestamp":"2022-01-15T07:52:17.792Z"}
info: Server started at http://localhost:8080/api/v1/ {"timestamp":"2022-01-15T07:54:26.331Z"}
info: Connected to the database. {"timestamp":"2022-01-15T07:54:26.383Z"}
error: 
    status - 500 
    message - ValidationError: "firstname" length must be at least 3 characters long 
    url - /api/v1/users/registration 
    method - POST 
    IP - ::ffff:127.0.0.1
   {"timestamp":"2022-01-15T07:54:26.752Z"}
error: 
    status - 500 
    message - ValidationError: "firstname" is not allowed to be empty 
    url - /api/v1/users/registration 
    method - POST 
    IP - ::ffff:127.0.0.1
   {"timestamp":"2022-01-15T07:54:26.775Z"}
error: 
    status - 500 
    message - ValidationError: "title" length must be at least 4 characters long 
    url - /api/v1/notes/createNote 
    method - POST 
    IP - ::ffff:127.0.0.1
   {"timestamp":"2022-01-15T07:54:27.121Z"}
error: 
    status - 500 
    message - CastError: Cast to ObjectId failed for value "{ _id: ':_id' }" (type Object) at path "_id" for model "Note"
    at model.Query.exec (C:\Users\Meghnad\Fundoo_App\node_modules\mongoose\lib\query.js:4498:21)
    at model.Query.Query.then (C:\Users\Meghnad\Fundoo_App\node_modules\mongoose\lib\query.js:4592:15)
    at processTicksAndRejections (node:internal/process/task_queues:96:5) 
    url - /api/v1/notes/getNote/:_id 
    method - GET 
    IP - ::ffff:127.0.0.1
   {"timestamp":"2022-01-15T07:54:27.193Z"}
info: Server started at http://localhost:8080/api/v1/ {"timestamp":"2022-01-15T07:56:40.707Z"}
info: Connected to the database. {"timestamp":"2022-01-15T07:56:40.757Z"}
error: 
    status - 500 
    message - ValidationError: "firstname" length must be at least 3 characters long 
    url - /api/v1/users/registration 
    method - POST 
    IP - ::ffff:127.0.0.1
   {"timestamp":"2022-01-15T07:56:41.080Z"}
error: 
    status - 500 
    message - ValidationError: "firstname" is not allowed to be empty 
    url - /api/v1/users/registration 
    method - POST 
    IP - ::ffff:127.0.0.1
   {"timestamp":"2022-01-15T07:56:41.173Z"}
error: 
    status - 500 
    message - ValidationError: "title" length must be at least 4 characters long 
    url - /api/v1/notes/createNote 
    method - POST 
    IP - ::ffff:127.0.0.1
   {"timestamp":"2022-01-15T07:56:41.591Z"}
error: 
    status - 500 
    message - CastError: Cast to ObjectId failed for value "{ _id: ':_id' }" (type Object) at path "_id" for model "Note"
    at model.Query.exec (C:\Users\Meghnad\Fundoo_App\node_modules\mongoose\lib\query.js:4498:21)
    at model.Query.Query.then (C:\Users\Meghnad\Fundoo_App\node_modules\mongoose\lib\query.js:4592:15)
    at processTicksAndRejections (node:internal/process/task_queues:96:5) 
    url - /api/v1/notes/getNote/:_id 
    method - GET 
    IP - ::ffff:127.0.0.1
   {"timestamp":"2022-01-15T07:56:41.660Z"}
info: Server started at http://localhost:8080/api/v1/ {"timestamp":"2022-01-15T07:57:57.132Z"}
info: Connected to the database. {"timestamp":"2022-01-15T07:57:57.181Z"}
error: 
    status - 500 
    message - ValidationError: "firstname" length must be at least 3 characters long 
    url - /api/v1/users/registration 
    method - POST 
    IP - ::ffff:127.0.0.1
   {"timestamp":"2022-01-15T07:57:57.498Z"}
error: 
    status - 500 
    message - ValidationError: "firstname" is not allowed to be empty 
    url - /api/v1/users/registration 
    method - POST 
    IP - ::ffff:127.0.0.1
   {"timestamp":"2022-01-15T07:57:57.519Z"}
error: 
    status - 500 
    message - ValidationError: "title" length must be at least 4 characters long 
    url - /api/v1/notes/createNote 
    method - POST 
    IP - ::ffff:127.0.0.1
   {"timestamp":"2022-01-15T07:57:57.911Z"}
error: 
    status - 500 
    message - CastError: Cast to ObjectId failed for value "{ _id: ':_id' }" (type Object) at path "_id" for model "Note"
    at model.Query.exec (C:\Users\Meghnad\Fundoo_App\node_modules\mongoose\lib\query.js:4498:21)
    at model.Query.Query.then (C:\Users\Meghnad\Fundoo_App\node_modules\mongoose\lib\query.js:4592:15)
    at processTicksAndRejections (node:internal/process/task_queues:96:5) 
    url - /api/v1/notes/getNote/:_id 
    method - GET 
    IP - ::ffff:127.0.0.1
   {"timestamp":"2022-01-15T07:57:57.961Z"}
info: Server started at http://localhost:8080/api/v1/ {"timestamp":"2022-01-15T13:14:28.129Z"}
info: Connected to the database. {"timestamp":"2022-01-15T13:14:28.211Z"}
error: 
    status - 500 
    message - ValidationError: "firstname" length must be at least 3 characters long 
    url - /api/v1/users/registration 
    method - POST 
    IP - ::ffff:127.0.0.1
   {"timestamp":"2022-01-15T13:14:28.972Z"}
error: 
    status - 500 
    message - ValidationError: "firstname" is not allowed to be empty 
    url - /api/v1/users/registration 
    method - POST 
    IP - ::ffff:127.0.0.1
   {"timestamp":"2022-01-15T13:14:29.018Z"}
error: 
    status - 500 
    message - ValidationError: "title" length must be at least 4 characters long 
    url - /api/v1/notes/createNote 
    method - POST 
    IP - ::ffff:127.0.0.1
   {"timestamp":"2022-01-15T13:14:29.568Z"}
